<?xml version="1.0" encoding="UTF-8"?>
<testsuite name="ru.stqa.training2.selenium.MyFirstTest7" tests="1" skipped="0" failures="0" errors="0" timestamp="2019-09-17T14:49:39" hostname="G-SHAREEVA" time="33.829">
  <properties/>
  <testcase name="myFirstTest" classname="ru.stqa.training2.selenium.MyFirstTest7" time="33.829"/>
  <system-out><![CDATA[]]></system-out>
  <system-err><![CDATA[Starting ChromeDriver 76.0.3809.126 (d80a294506b4c9d18015e755cee48f953ddc3f2f-refs/branch-heads/3809@{#1024}) on port 31270
Only local connections are allowed.
Please protect ports used by ChromeDriver and related test frameworks to prevent access by malicious code.
сен 17, 2019 5:49:40 PM org.openqa.selenium.remote.ProtocolHandshake createSession
INFO: Attempting bi-dialect session, assuming Postel's Law holds true on the remote end
[1568731783.328][WARNING]: This version of ChromeDriver has not been tested with Chrome version 77.
сен 17, 2019 5:49:44 PM org.openqa.selenium.remote.ProtocolHandshake createSession
INFO: Falling back to original OSS JSON Wire Protocol.
[1568731785.402][WARNING]: This version of ChromeDriver has not been tested with Chrome version 77.
сен 17, 2019 5:49:46 PM org.openqa.selenium.remote.ProtocolHandshake createSession
INFO: Detected dialect: OSS
]]></system-err>
</testsuite>
